# JRE version: Java(TM) SE Runtime Environment (8.0_201-b09) (build 1.8.0_201-b09)
# Java VM: Java HotSpot(TM) 64-Bit Server VM (25.201-b09 mixed mode linux-amd64 compressed oops)
Heap:
 PSYoungGen      total 980992K, used 9483K [0x000000076ac00000, 0x00000007adb00000, 0x00000007c0000000)
  eden space 865280K, 0% used [0x000000076ac00000,0x000000076ac00000,0x000000079f900000)
  from space 115712K, 8% used [0x000000079f900000,0x00000007a0242d28,0x00000007a6a00000)
  to   space 112640K, 0% used [0x00000007a6d00000,0x00000007a6d00000,0x00000007adb00000)
 ParOldGen       total 311808K, used 147246K [0x00000006c0400000, 0x00000006d3480000, 0x000000076ac00000)
  object space 311808K, 47% used [0x00000006c0400000,0x00000006c93cbbd0,0x00000006d3480000)
 Metaspace       used 142438K, capacity 150579K, committed 150744K, reserved 1179648K
  class space    used 18311K, capacity 19931K, committed 19968K, reserved 1048576K
GC Heap History (10 events):
Event: 614.469 GC heap after
Heap after GC invocations=31 (full 5):
 PSYoungGen      total 722944K, used 0K [0x000000076ac00000, 0x00000007a6480000, 0x00000007c0000000)
  eden space 642560K, 0% used [0x000000076ac00000,0x000000076ac00000,0x0000000791f80000)
  from space 80384K, 0% used [0x0000000799700000,0x0000000799700000,0x000000079e580000)
  to   space 122368K, 0% used [0x0000000791f80000,0x0000000791f80000,0x0000000799700000)
 ParOldGen       total 311808K, used 125125K [0x00000006c0400000, 0x00000006d3480000, 0x000000076ac00000)
  object space 311808K, 40% used [0x00000006c0400000,0x00000006c7e31650,0x00000006d3480000)
 Metaspace       used 132011K, capacity 139331K, committed 139480K, reserved 1169408K
  class space    used 17077K, capacity 18597K, committed 18688K, reserved 1048576K
}
Event: 632.590 GC heap before
{Heap before GC invocations=32 (full 5):
 PSYoungGen      total 722944K, used 642560K [0x000000076ac00000, 0x00000007a6480000, 0x00000007c0000000)
  eden space 642560K, 100% used [0x000000076ac00000,0x0000000791f80000,0x0000000791f80000)
  from space 80384K, 0% used [0x0000000799700000,0x0000000799700000,0x000000079e580000)
  to   space 122368K, 0% used [0x0000000791f80000,0x0000000791f80000,0x0000000799700000)
 ParOldGen       total 311808K, used 125125K [0x00000006c0400000, 0x00000006d3480000, 0x000000076ac00000)
  object space 311808K, 40% used [0x00000006c0400000,0x00000006c7e31650,0x00000006d3480000)
 Metaspace       used 141229K, capacity 149259K, committed 149464K, reserved 1179648K
  class space    used 18277K, capacity 19893K, committed 19968K, reserved 1048576K
Event: 632.645 GC heap after
Heap after GC invocations=32 (full 5):
 PSYoungGen      total 764928K, used 66691K [0x000000076ac00000, 0x00000007a7e00000, 0x00000007c0000000)
  eden space 642560K, 0% used [0x000000076ac00000,0x000000076ac00000,0x0000000791f80000)
  from space 122368K, 54% used [0x0000000791f80000,0x00000007960a0d18,0x0000000799700000)
  to   space 123392K, 0% used [0x00000007a0580000,0x00000007a0580000,0x00000007a7e00000)
 ParOldGen       total 311808K, used 125125K [0x00000006c0400000, 0x00000006d3480000, 0x000000076ac00000)
  object space 311808K, 40% used [0x00000006c0400000,0x00000006c7e31650,0x00000006d3480000)
 Metaspace       used 141229K, capacity 149259K, committed 149464K, reserved 1179648K
  class space    used 18277K, capacity 19893K, committed 19968K, reserved 1048576K
}
Event: 634.702 GC heap before
{Heap before GC invocations=33 (full 5):
 PSYoungGen      total 764928K, used 709251K [0x000000076ac00000, 0x00000007a7e00000, 0x00000007c0000000)
  eden space 642560K, 100% used [0x000000076ac00000,0x0000000791f80000,0x0000000791f80000)
  from space 122368K, 54% used [0x0000000791f80000,0x00000007960a0d18,0x0000000799700000)
  to   space 123392K, 0% used [0x00000007a0580000,0x00000007a0580000,0x00000007a7e00000)
 ParOldGen       total 311808K, used 125125K [0x00000006c0400000, 0x00000006d3480000, 0x000000076ac00000)
  object space 311808K, 40% used [0x00000006c0400000,0x00000006c7e31650,0x00000006d3480000)
 Metaspace       used 142086K, capacity 150199K, committed 150488K, reserved 1179648K
  class space    used 18306K, capacity 19927K, committed 19968K, reserved 1048576K
Event: 634.736 GC heap after
Heap after GC invocations=33 (full 5):
 PSYoungGen      total 863744K, used 9509K [0x000000076ac00000, 0x00000007a7580000, 0x00000007c0000000)
  eden space 749056K, 0% used [0x000000076ac00000,0x000000076ac00000,0x0000000798780000)
  from space 114688K, 8% used [0x00000007a0580000,0x00000007a0ec96b0,0x00000007a7580000)
  to   space 121856K, 0% used [0x0000000798780000,0x0000000798780000,0x000000079fe80000)
 ParOldGen       total 311808K, used 141715K [0x00000006c0400000, 0x00000006d3480000, 0x000000076ac00000)
  object space 311808K, 45% used [0x00000006c0400000,0x00000006c8e64cc0,0x00000006d3480000)
 Metaspace       used 142086K, capacity 150199K, committed 150488K, reserved 1179648K
  class space    used 18306K, capacity 19927K, committed 19968K, reserved 1048576K
}
Event: 636.512 GC heap before
{Heap before GC invocations=34 (full 5):
 PSYoungGen      total 863744K, used 758565K [0x000000076ac00000, 0x00000007a7580000, 0x00000007c0000000)
  eden space 749056K, 100% used [0x000000076ac00000,0x0000000798780000,0x0000000798780000)
  from space 114688K, 8% used [0x00000007a0580000,0x00000007a0ec96b0,0x00000007a7580000)
  to   space 121856K, 0% used [0x0000000798780000,0x0000000798780000,0x000000079fe80000)
 ParOldGen       total 311808K, used 141715K [0x00000006c0400000, 0x00000006d3480000, 0x000000076ac00000)
  object space 311808K, 45% used [0x00000006c0400000,0x00000006c8e64cc0,0x00000006d3480000)
 Metaspace       used 142331K, capacity 150433K, committed 150488K, reserved 1179648K
  class space    used 18309K, capacity 19928K, committed 19968K, reserved 1048576K
Event: 636.535 GC heap after
Heap after GC invocations=34 (full 5):
 PSYoungGen      total 870912K, used 7459K [0x000000076ac00000, 0x00000007ae180000, 0x00000007c0000000)
  eden space 749056K, 0% used [0x000000076ac00000,0x000000076ac00000,0x0000000798780000)
  from space 121856K, 6% used [0x0000000798780000,0x0000000798ec8cd0,0x000000079fe80000)
  to   space 119296K, 0% used [0x00000007a6d00000,0x00000007a6d00000,0x00000007ae180000)
 ParOldGen       total 311808K, used 143598K [0x00000006c0400000, 0x00000006d3480000, 0x000000076ac00000)
  object space 311808K, 46% used [0x00000006c0400000,0x00000006c903b990,0x00000006d3480000)
 Metaspace       used 142331K, capacity 150433K, committed 150488K, reserved 1179648K
  class space    used 18309K, capacity 19928K, committed 19968K, reserved 1048576K
}
Event: 637.869 GC heap before
{Heap before GC invocations=35 (full 5):
 PSYoungGen      total 870912K, used 756515K [0x000000076ac00000, 0x00000007ae180000, 0x00000007c0000000)
  eden space 749056K, 100% used [0x000000076ac00000,0x0000000798780000,0x0000000798780000)
  from space 121856K, 6% used [0x0000000798780000,0x0000000798ec8cd0,0x000000079fe80000)
  to   space 119296K, 0% used [0x00000007a6d00000,0x00000007a6d00000,0x00000007ae180000)
 ParOldGen       total 311808K, used 143598K [0x00000006c0400000, 0x00000006d3480000, 0x000000076ac00000)
  object space 311808K, 46% used [0x00000006c0400000,0x00000006c903b990,0x00000006d3480000)
 Metaspace       used 142382K, capacity 150497K, committed 150744K, reserved 1179648K
  class space    used 18309K, capacity 19928K, committed 19968K, reserved 1048576K
Event: 637.901 GC heap after
Heap after GC invocations=35 (full 5):
 PSYoungGen      total 977920K, used 10827K [0x000000076ac00000, 0x00000007adb00000, 0x00000007c0000000)
  eden space 865280K, 0% used [0x000000076ac00000,0x000000076ac00000,0x000000079f900000)
  from space 112640K, 9% used [0x00000007a6d00000,0x00000007a7792fc8,0x00000007adb00000)
  to   space 115712K, 0% used [0x000000079f900000,0x000000079f900000,0x00000007a6a00000)
 ParOldGen       total 311808K, used 145515K [0x00000006c0400000, 0x00000006d3480000, 0x000000076ac00000)
  object space 311808K, 46% used [0x00000006c0400000,0x00000006c921ade8,0x00000006d3480000)
 Metaspace       used 142382K, capacity 150497K, committed 150744K, reserved 1179648K
  class space    used 18309K, capacity 19928K, committed 19968K, reserved 1048576K
}
Event: 639.244 GC heap before
{Heap before GC invocations=36 (full 5):
 PSYoungGen      total 977920K, used 876107K [0x000000076ac00000, 0x00000007adb00000, 0x00000007c0000000)
  eden space 865280K, 100% used [0x000000076ac00000,0x000000079f900000,0x000000079f900000)
  from space 112640K, 9% used [0x00000007a6d00000,0x00000007a7792fc8,0x00000007adb00000)
  to   space 115712K, 0% used [0x000000079f900000,0x000000079f900000,0x00000007a6a00000)
 ParOldGen       total 311808K, used 145515K [0x00000006c0400000, 0x00000006d3480000, 0x000000076ac00000)
  object space 311808K, 46% used [0x00000006c0400000,0x00000006c921ade8,0x00000006d3480000)
 Metaspace       used 142438K, capacity 150579K, committed 150744K, reserved 1179648K
  class space    used 18311K, capacity 19931K, committed 19968K, reserved 1048576K

