# JRE version: Java(TM) SE Runtime Environment (8.0_201-b09) (build 1.8.0_201-b09)
# Java VM: Java HotSpot(TM) 64-Bit Server VM (25.201-b09 mixed mode linux-amd64 compressed oops)
Heap:
 PSYoungGen      total 1089024K, used 71899K [0x000000076ac00000, 0x00000007b7680000, 0x00000007c0000000)
  eden space 922112K, 0% used [0x000000076ac00000,0x000000076ac00000,0x00000007a3080000)
  from space 166912K, 43% used [0x00000007a3080000,0x00000007a76b6ef0,0x00000007ad380000)
  to   space 148480K, 0% used [0x00000007ae580000,0x00000007ae580000,0x00000007b7680000)
 ParOldGen       total 458752K, used 311979K [0x00000006c0400000, 0x00000006dc400000, 0x000000076ac00000)
  object space 458752K, 68% used [0x00000006c0400000,0x00000006d34aaee0,0x00000006dc400000)
 Metaspace       used 135549K, capacity 143416K, committed 143488K, reserved 1173504K
  class space    used 17535K, capacity 19069K, committed 19072K, reserved 1048576K
GC Heap History (10 events):
Event: 339.597 GC heap after
Heap after GC invocations=27 (full 5):
 PSYoungGen      total 805888K, used 32K [0x000000076ac00000, 0x00000007a6680000, 0x00000007c0000000)
  eden space 642048K, 0% used [0x000000076ac00000,0x000000076ac00000,0x0000000791f00000)
  from space 163840K, 0% used [0x000000079c000000,0x000000079c008000,0x00000007a6000000)
  to   space 164864K, 0% used [0x0000000791f00000,0x0000000791f00000,0x000000079c000000)
 ParOldGen       total 458752K, used 263651K [0x00000006c0400000, 0x00000006dc400000, 0x000000076ac00000)
  object space 458752K, 57% used [0x00000006c0400000,0x00000006d0578f48,0x00000006dc400000)
 Metaspace       used 116386K, capacity 122654K, committed 122752K, reserved 1155072K
  class space    used 15168K, capacity 16414K, committed 16512K, reserved 1048576K
}
Event: 342.571 GC heap before
{Heap before GC invocations=28 (full 5):
 PSYoungGen      total 805888K, used 642080K [0x000000076ac00000, 0x00000007a6680000, 0x00000007c0000000)
  eden space 642048K, 100% used [0x000000076ac00000,0x0000000791f00000,0x0000000791f00000)
  from space 163840K, 0% used [0x000000079c000000,0x000000079c008000,0x00000007a6000000)
  to   space 164864K, 0% used [0x0000000791f00000,0x0000000791f00000,0x000000079c000000)
 ParOldGen       total 458752K, used 263651K [0x00000006c0400000, 0x00000006dc400000, 0x000000076ac00000)
  object space 458752K, 57% used [0x00000006c0400000,0x00000006d0578f48,0x00000006dc400000)
 Metaspace       used 117640K, capacity 124030K, committed 124160K, reserved 1157120K
  class space    used 15297K, capacity 16560K, committed 16640K, reserved 1048576K
Event: 342.678 GC heap after
Heap after GC invocations=28 (full 5):
 PSYoungGen      total 806912K, used 127520K [0x000000076ac00000, 0x00000007b2200000, 0x00000007c0000000)
  eden space 642048K, 0% used [0x000000076ac00000,0x000000076ac00000,0x0000000791f00000)
  from space 164864K, 77% used [0x0000000791f00000,0x0000000799b88258,0x000000079c000000)
  to   space 180224K, 0% used [0x00000007a7200000,0x00000007a7200000,0x00000007b2200000)
 ParOldGen       total 458752K, used 263675K [0x00000006c0400000, 0x00000006dc400000, 0x000000076ac00000)
  object space 458752K, 57% used [0x00000006c0400000,0x00000006d057ef48,0x00000006dc400000)
 Metaspace       used 117640K, capacity 124030K, committed 124160K, reserved 1157120K
  class space    used 15297K, capacity 16560K, committed 16640K, reserved 1048576K
}
Event: 345.333 GC heap before
{Heap before GC invocations=29 (full 5):
 PSYoungGen      total 806912K, used 769568K [0x000000076ac00000, 0x00000007b2200000, 0x00000007c0000000)
  eden space 642048K, 100% used [0x000000076ac00000,0x0000000791f00000,0x0000000791f00000)
  from space 164864K, 77% used [0x0000000791f00000,0x0000000799b88258,0x000000079c000000)
  to   space 180224K, 0% used [0x00000007a7200000,0x00000007a7200000,0x00000007b2200000)
 ParOldGen       total 458752K, used 263675K [0x00000006c0400000, 0x00000006dc400000, 0x000000076ac00000)
  object space 458752K, 57% used [0x00000006c0400000,0x00000006d057ef48,0x00000006dc400000)
 Metaspace       used 120568K, capacity 127254K, committed 127360K, reserved 1159168K
  class space    used 15671K, capacity 17016K, committed 17024K, reserved 1048576K
Event: 345.365 GC heap after
Heap after GC invocations=29 (full 5):
 PSYoungGen      total 941056K, used 53755K [0x000000076ac00000, 0x00000007b0080000, 0x00000007c0000000)
  eden space 795136K, 0% used [0x000000076ac00000,0x000000076ac00000,0x000000079b480000)
  from space 145920K, 36% used [0x00000007a7200000,0x00000007aa67ece8,0x00000007b0080000)
  to   space 169984K, 0% used [0x000000079b480000,0x000000079b480000,0x00000007a5a80000)
 ParOldGen       total 458752K, used 264335K [0x00000006c0400000, 0x00000006dc400000, 0x000000076ac00000)
  object space 458752K, 57% used [0x00000006c0400000,0x00000006d0623fa8,0x00000006dc400000)
 Metaspace       used 120568K, capacity 127254K, committed 127360K, reserved 1159168K
  class space    used 15671K, capacity 17016K, committed 17024K, reserved 1048576K
}
Event: 345.542 GC heap before
{Heap before GC invocations=30 (full 5):
 PSYoungGen      total 941056K, used 848579K [0x000000076ac00000, 0x00000007b0080000, 0x00000007c0000000)
  eden space 795136K, 99% used [0x000000076ac00000,0x000000079b432238,0x000000079b480000)
  from space 145920K, 36% used [0x00000007a7200000,0x00000007aa67ece8,0x00000007b0080000)
  to   space 169984K, 0% used [0x000000079b480000,0x000000079b480000,0x00000007a5a80000)
 ParOldGen       total 458752K, used 264335K [0x00000006c0400000, 0x00000006dc400000, 0x000000076ac00000)
  object space 458752K, 57% used [0x00000006c0400000,0x00000006d0623fa8,0x00000006dc400000)
 Metaspace       used 120626K, capacity 127346K, committed 127360K, reserved 1159168K
  class space    used 15677K, capacity 17022K, committed 17024K, reserved 1048576K
Event: 345.553 GC heap after
Heap after GC invocations=30 (full 5):
 PSYoungGen      total 965120K, used 6100K [0x000000076ac00000, 0x00000007b8a80000, 0x00000007c0000000)
  eden space 795136K, 0% used [0x000000076ac00000,0x000000076ac00000,0x000000079b480000)
  from space 169984K, 3% used [0x000000079b480000,0x000000079ba751d0,0x00000007a5a80000)
  to   space 168960K, 0% used [0x00000007ae580000,0x00000007ae580000,0x00000007b8a80000)
 ParOldGen       total 458752K, used 289502K [0x00000006c0400000, 0x00000006dc400000, 0x000000076ac00000)
  object space 458752K, 63% used [0x00000006c0400000,0x00000006d1eb7a90,0x00000006dc400000)
 Metaspace       used 120626K, capacity 127346K, committed 127360K, reserved 1159168K
  class space    used 15677K, capacity 17022K, committed 17024K, reserved 1048576K
}
Event: 1350.949 GC heap before
{Heap before GC invocations=31 (full 5):
 PSYoungGen      total 965120K, used 801236K [0x000000076ac00000, 0x00000007b8a80000, 0x00000007c0000000)
  eden space 795136K, 100% used [0x000000076ac00000,0x000000079b480000,0x000000079b480000)
  from space 169984K, 3% used [0x000000079b480000,0x000000079ba751d0,0x00000007a5a80000)
  to   space 168960K, 0% used [0x00000007ae580000,0x00000007ae580000,0x00000007b8a80000)
 ParOldGen       total 458752K, used 289502K [0x00000006c0400000, 0x00000006dc400000, 0x000000076ac00000)
  object space 458752K, 63% used [0x00000006c0400000,0x00000006d1eb7a90,0x00000006dc400000)
 Metaspace       used 132539K, capacity 140144K, committed 140416K, reserved 1171456K
  class space    used 17276K, capacity 18783K, committed 18816K, reserved 1048576K
Event: 1351.051 GC heap after
Heap after GC invocations=31 (full 5):
 PSYoungGen      total 1070592K, used 80824K [0x000000076ac00000, 0x00000007b7680000, 0x00000007c0000000)
  eden space 922112K, 0% used [0x000000076ac00000,0x000000076ac00000,0x00000007a3080000)
  from space 148480K, 54% used [0x00000007ae580000,0x00000007b346e2b8,0x00000007b7680000)
  to   space 166912K, 0% used [0x00000007a3080000,0x00000007a3080000,0x00000007ad380000)
 ParOldGen       total 458752K, used 292689K [0x00000006c0400000, 0x00000006dc400000, 0x000000076ac00000)
  object space 458752K, 63% used [0x00000006c0400000,0x00000006d21d4730,0x00000006dc400000)
 Metaspace       used 132539K, capacity 140144K, committed 140416K, reserved 1171456K
  class space    used 17276K, capacity 18783K, committed 18816K, reserved 1048576K
}
Event: 1354.628 GC heap before
{Heap before GC invocations=32 (full 5):
 PSYoungGen      total 1070592K, used 1002936K [0x000000076ac00000, 0x00000007b7680000, 0x00000007c0000000)
  eden space 922112K, 100% used [0x000000076ac00000,0x00000007a3080000,0x00000007a3080000)
  from space 148480K, 54% used [0x00000007ae580000,0x00000007b346e2b8,0x00000007b7680000)
  to   space 166912K, 0% used [0x00000007a3080000,0x00000007a3080000,0x00000007ad380000)
 ParOldGen       total 458752K, used 292689K [0x00000006c0400000, 0x00000006dc400000, 0x000000076ac00000)
  object space 458752K, 63% used [0x00000006c0400000,0x00000006d21d4730,0x00000006dc400000)
 Metaspace       used 135549K, capacity 143416K, committed 143488K, reserved 1173504K
  class space    used 17535K, capacity 19069K, committed 19072K, reserved 1048576K

